::1 - - [14/Aug/2023:08:10:25 +0000] "GET /?code=123 HTTP/1.1" 304 -
::1 - - [14/Aug/2023:08:11:34 +0000] "GET /?code=123 HTTP/1.1" 304 -
::1 - - [14/Aug/2023:08:14:38 +0000] "GET /?code=123 HTTP/1.1" 304 -
::1 - - [14/Aug/2023:08:14:53 +0000] "GET /?code=123 HTTP/1.1" 304 -
::1 - - [14/Aug/2023:08:15:03 +0000] "GET /?code=123 HTTP/1.1" 304 -
::1 - - [14/Aug/2023:08:18:21 +0000] "GET /?code=123 HTTP/1.1" 304 -
::1 - - [14/Aug/2023:08:18:26 +0000] "GET /product/1 HTTP/1.1" 404 148
::1 - - [14/Aug/2023:08:19:21 +0000] "GET /product/1 HTTP/1.1" 404 148
::1 - - [14/Aug/2023:08:19:48 +0000] "GET /product/1 HTTP/1.1" 404 148
::1 - - [14/Aug/2023:08:19:49 +0000] "GET /product/1 HTTP/1.1" 404 148
::1 - - [14/Aug/2023:08:19:58 +0000] "GET /product/id:1 HTTP/1.1" 404 151
::1 - - [14/Aug/2023:08:20:21 +0000] "GET /product/id:1 HTTP/1.1" 404 151
::1 - - [14/Aug/2023:08:20:23 +0000] "GET /product/1 HTTP/1.1" 404 148
::1 - - [14/Aug/2023:08:20:40 +0000] "GET /product/1 HTTP/1.1" 404 148
::1 - - [14/Aug/2023:08:20:48 +0000] "GET /product/1 HTTP/1.1" 404 148
::1 - - [14/Aug/2023:08:20:57 +0000] "GET /product/1 HTTP/1.1" 200 33
::1 - - [14/Aug/2023:08:21:19 +0000] "GET /product/1 HTTP/1.1" 200 20
::1 - - [14/Aug/2023:08:21:32 +0000] "GET /product/1 HTTP/1.1" 200 19
::1 - - [14/Aug/2023:08:21:36 +0000] "GET /product/91 HTTP/1.1" 200 20
::1 - - [14/Aug/2023:08:24:31 +0000] "GET /product/91 HTTP/1.1" 304 -
::1 - - [14/Aug/2023:08:24:42 +0000] "GET /demo?a=12 HTTP/1.1" 200 4
::1 - - [14/Aug/2023:08:26:27 +0000] "GET /demo?a=12 HTTP/1.1" 200 68
::1 - - [14/Aug/2023:08:26:42 +0000] "GET /demo?a=12 HTTP/1.1" 200 70
::1 - - [14/Aug/2023:08:26:58 +0000] "GET /demo?a=12 HTTP/1.1" 200 80
::1 - - [14/Aug/2023:08:27:28 +0000] "GET /demo?name=bhavye&age=12&subject=genius_and_powerful HTTP/1.1" 200 80
::1 - - [14/Aug/2023:08:27:36 +0000] "GET /demo?name=bhavye&age=12&subject=genius%20and%20powerful HTTP/1.1" 200 80
